<?xml version="1.0" encoding="UTF-8"?>
<testsuite name="CheckFilesTests" tests="1" skipped="0" failures="0" errors="0" timestamp="2023-03-27T13:15:54" hostname="VKOLESNIKOVNB" time="0.196">
  <properties/>
  <testcase name="checkFillingPdfFile()" classname="CheckFilesTests" time="0.196"/>
  <system-out><![CDATA[]]></system-out>
  <system-err><![CDATA[]]></system-err>
</testsuite>
